2020-11-06 03:04:45 +0000  Initial pipeline context: <IDEDistributionProcessingPipelineContext: 0x7f9a83adef10; archive(resolved)='<IDEArchive: 0x7f9a63c66c30>', distributionTask(resolved)='2', distributionDestination(resolved)='1', distributionMethod(resolved)='<IDEDistributionMethodiOSAppStoreDistribution: 0x7f9a66b574c0>', team(resolved)='<IDEProvisioningDisambiguatableBasicTeam: 0x7f9a85131b40; teamID='4Q6XJ675Q5', teamName='Nidhi Modi', teamType='Individual', username='nidhi.modi@tandg.global', isFreeProvisioningTeam='0'>'>
	Chain (12, self inclusive):
	<IDEDistributionProcessingPipelineContext: 0x7f9a83adef10; archive = '<IDEArchive: 0x7f9a63c66c30>', distributionMethod='<IDEDistributionMethodiOSAppStoreDistribution: 0x7f9a66b574c0>', team='<IDEProvisioningDisambiguatableBasicTeam: 0x7f9a85131b40; teamID='4Q6XJ675Q5', teamName='Nidhi Modi', teamType='Individual', username='nidhi.modi@tandg.global', isFreeProvisioningTeam='0'>'>
	<IDEDistributionProcessingPipelineContext: 0x7f9a674c6d50; archive = '<IDEArchive: 0x7f9a63c66c30>', distributionMethod='<IDEDistributionMethodiOSAppStoreDistribution: 0x7f9a66b574c0>', team='<IDEProvisioningDisambiguatableBasicTeam: 0x7f9a85131b40; teamID='4Q6XJ675Q5', teamName='Nidhi Modi', teamType='Individual', username='nidhi.modi@tandg.global', isFreeProvisioningTeam='0'>'>
	<IDEDistributionContext: 0x7f9a5291d3e0; archive = '<IDEArchive: 0x7f9a63c66c30>', distributionMethod='<IDEDistributionMethodiOSAppStoreDistribution: 0x7f9a66b574c0>', team='<IDEProvisioningDisambiguatableBasicTeam: 0x7f9a85131b40; teamID='4Q6XJ675Q5', teamName='Nidhi Modi', teamType='Individual', username='nidhi.modi@tandg.global', isFreeProvisioningTeam='0'>'>
	<IDEDistributionContext: 0x7f9a652099d0; archive = '<IDEArchive: 0x7f9a63c66c30>', distributionMethod='<IDEDistributionMethodiOSAppStoreDistribution: 0x7f9a66b574c0>', team='<IDEProvisioningDisambiguatableBasicTeam: 0x7f9a85131b40; teamID='4Q6XJ675Q5', teamName='Nidhi Modi', teamType='Individual', username='nidhi.modi@tandg.global', isFreeProvisioningTeam='0'>'>
	<IDEDistributionContext: 0x7f9a64893590; archive = '<IDEArchive: 0x7f9a63c66c30>', distributionMethod='<IDEDistributionMethodiOSAppStoreDistribution: 0x7f9a66b574c0>', team='<IDEProvisioningDisambiguatableBasicTeam: 0x7f9a85131b40; teamID='4Q6XJ675Q5', teamName='Nidhi Modi', teamType='Individual', username='nidhi.modi@tandg.global', isFreeProvisioningTeam='0'>'>
	<IDEDistributionContext: 0x7f9a4ad188c0; archive = '<IDEArchive: 0x7f9a63c66c30>', distributionMethod='<IDEDistributionMethodiOSAppStoreDistribution: 0x7f9a66b574c0>', team='<IDEProvisioningDisambiguatableBasicTeam: 0x7f9a85131b40; teamID='4Q6XJ675Q5', teamName='Nidhi Modi', teamType='Individual', username='nidhi.modi@tandg.global', isFreeProvisioningTeam='0'>'>
	<IDEDistributionContext: 0x7f9a83a7d910; archive = '<IDEArchive: 0x7f9a63c66c30>', distributionMethod='<IDEDistributionMethodiOSAppStoreDistribution: 0x7f9a66b574c0>', team='<IDEProvisioningDisambiguatableBasicTeam: 0x7f9a85131b40; teamID='4Q6XJ675Q5', teamName='Nidhi Modi', teamType='Individual', username='nidhi.modi@tandg.global', isFreeProvisioningTeam='0'>'>
	<IDEDistributionContext: 0x7f9a4ad0b1d0; archive = '<IDEArchive: 0x7f9a63c66c30>', distributionMethod='<IDEDistributionMethodiOSAppStoreDistribution: 0x7f9a66b574c0>', team='<IDEProvisioningDisambiguatableBasicTeam: 0x7f9a85131b40; teamID='4Q6XJ675Q5', teamName='Nidhi Modi', teamType='Individual', username='nidhi.modi@tandg.global', isFreeProvisioningTeam='0'>'>
	<IDEDistributionContext: 0x7f9a5b23f800; archive = '<IDEArchive: 0x7f9a63c66c30>', distributionMethod='<IDEDistributionMethodiOSAppStoreDistribution: 0x7f9a66b574c0>', team='<IDEProvisioningDisambiguatableBasicTeam: 0x7f9a85131b40; teamID='4Q6XJ675Q5', teamName='Nidhi Modi', teamType='Individual', username='nidhi.modi@tandg.global', isFreeProvisioningTeam='0'>'>
	<IDEDistributionContext: 0x7f9a65293e10; archive = '<IDEArchive: 0x7f9a63c66c30>', distributionMethod='<IDEDistributionMethodiOSAppStoreDistribution: 0x7f9a66b574c0>', team='(null)'>
	<IDEDistributionContext: 0x7f9a6b5ac1b0; archive = '<IDEArchive: 0x7f9a63c66c30>', distributionMethod='<IDEDistributionMethodiOSAppStoreDistribution: 0x7f9a66b574c0>', team='(null)'>
	<IDEDistributionContext: 0x7f9a8670b230; archive = '<IDEArchive: 0x7f9a63c66c30>', distributionMethod='(null)', team='(null)'>
</IDEDistributionProcessingPipelineContext: 0x7f9a83adef10>
2020-11-06 03:04:45 +0000  Processing step: IDEDistributionCreateDestRootStep
2020-11-06 03:04:45 +0000  Processing step: IDEDistributionCopyItemStep
2020-11-06 03:04:45 +0000  Running /usr/bin/ditto '-V' '/Users/nidhimodi/Library/Developer/Xcode/Archives/2020-11-06/rego 6-11-20, 4.04 PM.xcarchive/Products/Applications/rego.app' '/var/folders/5r/7y48htwn5s796fpyklfkwz4m0000gn/T/XcodeDistPipeline.~~~mGIZuT/Root/Payload/rego.app'
2020-11-06 03:04:45 +0000  >>> Copying /Users/nidhimodi/Library/Developer/Xcode/Archives/2020-11-06/rego 6-11-20, 4.04 PM.xcarchive/Products/Applications/rego.app 
2020-11-06 03:04:45 +0000  copying file ./_CodeSignature/CodeResources ... 
2020-11-06 03:04:45 +0000  27693 bytes for ./_CodeSignature/CodeResources
2020-11-06 03:04:45 +0000  copying file ./Fontisto.ttf ... 
2020-11-06 03:04:45 +0000  313528 bytes for ./Fontisto.ttf
2020-11-06 03:04:45 +0000  copying file ./Octicons.ttf ... 
2020-11-06 03:04:45 +0000  28364 bytes for ./Octicons.ttf
copying file ./Feather.ttf ... 
2020-11-06 03:04:45 +0000  58272 bytes for ./Feather.ttf
copying file ./AppIcon20x20@2x.png ... 
2020-11-06 03:04:45 +0000  1240 bytes for ./AppIcon20x20@2x.png
2020-11-06 03:04:45 +0000  copying file ./AppIcon57x57.png ... 
2020-11-06 03:04:45 +0000  1804 bytes for ./AppIcon57x57.png
copying file ./Entypo.ttf ... 
2020-11-06 03:04:45 +0000  65584 bytes for ./Entypo.ttf
copying file ./AppIcon20x20@3x.png ... 
2020-11-06 03:04:45 +0000  1925 bytes for ./AppIcon20x20@3x.png
2020-11-06 03:04:45 +0000  copying file ./FontAwesome5_Brands.ttf ... 
2020-11-06 03:04:45 +0000  125016 bytes for ./FontAwesome5_Brands.ttf
2020-11-06 03:04:45 +0000  copying file ./AppIcon29x29.png ... 
2020-11-06 03:04:45 +0000  890 bytes for ./AppIcon29x29.png
2020-11-06 03:04:45 +0000  copying file ./MaterialCommunityIcons.ttf ... 
2020-11-06 03:04:45 +0000  546548 bytes for ./MaterialCommunityIcons.ttf
2020-11-06 03:04:45 +0000  copying file ./AppIcon60x60@2x.png ... 
2020-11-06 03:04:45 +0000  5644 bytes for ./AppIcon60x60@2x.png
2020-11-06 03:04:45 +0000  copying file ./AppIcon72x72@2x~ipad.png ... 
2020-11-06 03:04:45 +0000  7828 bytes for ./AppIcon72x72@2x~ipad.png
2020-11-06 03:04:45 +0000  copying file ./AppIcon29x29@2x.png ... 
2020-11-06 03:04:45 +0000  1899 bytes for ./AppIcon29x29@2x.png
2020-11-06 03:04:45 +0000  copying file ./AntDesign.ttf ... 
2020-11-06 03:04:45 +0000  70344 bytes for ./AntDesign.ttf
2020-11-06 03:04:45 +0000  copying file ./rego ... 
2020-11-06 03:04:45 +0000  65458960 bytes for ./rego
copying file ./AppIcon40x40@3x.png ... 
2020-11-06 03:04:45 +0000  5644 bytes for ./AppIcon40x40@3x.png
copying file ./AppIcon57x57@2x.png ... 
5248 bytes for ./AppIcon57x57@2x.png
copying file ./Foundation.ttf ... 
2020-11-06 03:04:45 +0000  56976 bytes for ./Foundation.ttf
copying file ./AppIcon29x29~ipad.png ... 
2020-11-06 03:04:45 +0000  890 bytes for ./AppIcon29x29~ipad.png
copying file ./Ionicons.ttf ... 
2020-11-06 03:04:45 +0000  112472 bytes for ./Ionicons.ttf
2020-11-06 03:04:45 +0000  copying file ./FontAwesome5_Solid.ttf ... 
2020-11-06 03:04:45 +0000  186228 bytes for ./FontAwesome5_Solid.ttf
copying file ./AppIcon40x40@2x.png ... 
2020-11-06 03:04:45 +0000  3102 bytes for ./AppIcon40x40@2x.png
copying file ./FontAwesome5_Regular.ttf ... 
2020-11-06 03:04:45 +0000  34092 bytes for ./FontAwesome5_Regular.ttf
2020-11-06 03:04:45 +0000  copying file ./AppIcon29x29@3x.png ... 
2020-11-06 03:04:45 +0000  3571 bytes for ./AppIcon29x29@3x.png
2020-11-06 03:04:45 +0000  copying file ./AppIcon60x60@3x.png ... 
2020-11-06 03:04:45 +0000  11218 bytes for ./AppIcon60x60@3x.png
2020-11-06 03:04:45 +0000  copying file ./Base.lproj/LaunchScreen.nib ... 
2020-11-06 03:04:45 +0000  3161 bytes for ./Base.lproj/LaunchScreen.nib
2020-11-06 03:04:45 +0000  copying file ./FontAwesome.ttf ... 
2020-11-06 03:04:45 +0000  165548 bytes for ./FontAwesome.ttf
2020-11-06 03:04:45 +0000  copying file ./Zocial.ttf ... 
2020-11-06 03:04:45 +0000  25552 bytes for ./Zocial.ttf
2020-11-06 03:04:45 +0000  copying file ./Assets.car ... 
2020-11-06 03:04:45 +0000  373384 bytes for ./Assets.car
2020-11-06 03:04:45 +0000  copying file ./AppIcon40x40@2x~ipad.png ... 
2020-11-06 03:04:45 +0000  3102 bytes for ./AppIcon40x40@2x~ipad.png
copying file ./EvilIcons.ttf ... 
2020-11-06 03:04:45 +0000  13456 bytes for ./EvilIcons.ttf
2020-11-06 03:04:45 +0000  copying file ./AppIcon76x76@2x~ipad.png ... 
2020-11-06 03:04:45 +0000  8286 bytes for ./AppIcon76x76@2x~ipad.png
2020-11-06 03:04:45 +0000  copying file ./AppIcon72x72~ipad.png ... 
2020-11-06 03:04:45 +0000  2744 bytes for ./AppIcon72x72~ipad.png
2020-11-06 03:04:45 +0000  copying file ./main.jsbundle ... 
2020-11-06 03:04:45 +0000  9869158 bytes for ./main.jsbundle
2020-11-06 03:04:45 +0000  copying file ./AppIcon83.5x83.5@2x~ipad.png ... 
9681 bytes for ./AppIcon83.5x83.5@2x~ipad.png
copying file ./AppIcon50x50~ipad.png ... 
1580 bytes for ./AppIcon50x50~ipad.png
copying file ./AppIcon29x29@2x~ipad.png ... 
1899 bytes for ./AppIcon29x29@2x~ipad.png
copying file ./AppIcon50x50@2x~ipad.png ... 
4351 bytes for ./AppIcon50x50@2x~ipad.png
copying file ./AppIcon40x40~ipad.png ... 
1240 bytes for ./AppIcon40x40~ipad.png
copying file ./AppIcon20x20~ipad.png ... 
2020-11-06 03:04:45 +0000  654 bytes for ./AppIcon20x20~ipad.png
2020-11-06 03:04:45 +0000  copying file ./SimpleLineIcons.ttf ... 
2020-11-06 03:04:45 +0000  54056 bytes for ./SimpleLineIcons.ttf
2020-11-06 03:04:45 +0000  copying file ./embedded.mobileprovision ... 
2020-11-06 03:04:45 +0000  7721 bytes for ./embedded.mobileprovision
copying file ./assets/app.json ... 
2020-11-06 03:04:45 +0000  45 bytes for ./assets/app.json
2020-11-06 03:04:45 +0000  copying file ./assets/node_modules/react-native-ratings/src/images/bell.png ... 
2020-11-06 03:04:45 +0000  2989 bytes for ./assets/node_modules/react-native-ratings/src/images/bell.png
2020-11-06 03:04:45 +0000  copying file ./assets/node_modules/react-native-ratings/src/images/airbnb-star-selected.png ... 
2020-11-06 03:04:45 +0000  934 bytes for ./assets/node_modules/react-native-ratings/src/images/airbnb-star-selected.png
2020-11-06 03:04:45 +0000  copying file ./assets/node_modules/react-native-ratings/src/images/heart.png ... 
2020-11-06 03:04:45 +0000  1928 bytes for ./assets/node_modules/react-native-ratings/src/images/heart.png
2020-11-06 03:04:45 +0000  copying file ./assets/node_modules/react-native-ratings/src/images/airbnb-star.png ... 
2020-11-06 03:04:45 +0000  930 bytes for ./assets/node_modules/react-native-ratings/src/images/airbnb-star.png
copying file ./assets/node_modules/react-native-ratings/src/images/rocket.png ... 
2020-11-06 03:04:45 +0000  4050 bytes for ./assets/node_modules/react-native-ratings/src/images/rocket.png
2020-11-06 03:04:45 +0000  copying file ./assets/node_modules/react-native-ratings/src/images/star.png ... 
2020-11-06 03:04:45 +0000  1961 bytes for ./assets/node_modules/react-native-ratings/src/images/star.png
2020-11-06 03:04:45 +0000  copying file ./assets/node_modules/react-native/package.json ... 
2020-11-06 03:04:45 +0000  6501 bytes for ./assets/node_modules/react-native/package.json
2020-11-06 03:04:45 +0000  copying file ./assets/node_modules/@react-navigation/stack/src/views/assets/back-icon@3x.png ... 
2020-11-06 03:04:45 +0000  761 bytes for ./assets/node_modules/@react-navigation/stack/src/views/assets/back-icon@3x.png
2020-11-06 03:04:45 +0000  copying file ./assets/node_modules/@react-navigation/stack/src/views/assets/back-icon@2x.png ... 
2020-11-06 03:04:45 +0000  405 bytes for ./assets/node_modules/@react-navigation/stack/src/views/assets/back-icon@2x.png
2020-11-06 03:04:45 +0000  copying file ./assets/node_modules/@react-navigation/stack/src/views/assets/back-icon.png ... 
2020-11-06 03:04:45 +0000  290 bytes for ./assets/node_modules/@react-navigation/stack/src/views/assets/back-icon.png
copying file ./assets/node_modules/@react-navigation/stack/src/views/assets/back-icon-mask.png ... 
2020-11-06 03:04:45 +0000  913 bytes for ./assets/node_modules/@react-navigation/stack/src/views/assets/back-icon-mask.png
2020-11-06 03:04:45 +0000  copying file ./assets/node_modules/react-native-vector-icons/glyphmaps/Ionicons.json ... 
2020-11-06 03:04:45 +0000  17166 bytes for ./assets/node_modules/react-native-vector-icons/glyphmaps/Ionicons.json
2020-11-06 03:04:45 +0000  copying file ./assets/node_modules/react-native-vector-icons/glyphmaps/Fontisto.json ... 
2020-11-06 03:04:45 +0000  13107 bytes for ./assets/node_modules/react-native-vector-icons/glyphmaps/Fontisto.json
2020-11-06 03:04:45 +0000  copying file ./assets/node_modules/react-native-vector-icons/glyphmaps/EvilIcons.json ... 
2020-11-06 03:04:45 +0000  1454 bytes for ./assets/node_modules/react-native-vector-icons/glyphmaps/EvilIcons.json
copying file ./assets/node_modules/react-native-vector-icons/glyphmaps/Octicons.json ... 
2020-11-06 03:04:45 +0000  3992 bytes for ./assets/node_modules/react-native-vector-icons/glyphmaps/Octicons.json
2020-11-06 03:04:45 +0000  copying file ./assets/node_modules/react-native-vector-icons/glyphmaps/FontAwesome5Free_meta.json ... 
2020-11-06 03:04:45 +0000  26240 bytes for ./assets/node_modules/react-native-vector-icons/glyphmaps/FontAwesome5Free_meta.json
2020-11-06 03:04:45 +0000  copying file ./assets/node_modules/react-native-vector-icons/glyphmaps/FontAwesome.json ... 
2020-11-06 03:04:45 +0000  17437 bytes for ./assets/node_modules/react-native-vector-icons/glyphmaps/FontAwesome.json
2020-11-06 03:04:45 +0000  copying file ./assets/node_modules/react-native-vector-icons/glyphmaps/MaterialIcons.json ... 
2020-11-06 03:04:45 +0000  22815 bytes for ./assets/node_modules/react-native-vector-icons/glyphmaps/MaterialIcons.json
2020-11-06 03:04:45 +0000  copying file ./assets/node_modules/react-native-vector-icons/glyphmaps/Entypo.json ... 
2020-11-06 03:04:45 +0000  9486 bytes for ./assets/node_modules/react-native-vector-icons/glyphmaps/Entypo.json
copying file ./assets/node_modules/react-native-vector-icons/glyphmaps/SimpleLineIcons.json ... 
2020-11-06 03:04:45 +0000  4102 bytes for ./assets/node_modules/react-native-vector-icons/glyphmaps/SimpleLineIcons.json
2020-11-06 03:04:45 +0000  copying file ./assets/node_modules/react-native-vector-icons/glyphmaps/AntDesign.json ... 
2020-11-06 03:04:45 +0000  6303 bytes for ./assets/node_modules/react-native-vector-icons/glyphmaps/AntDesign.json
2020-11-06 03:04:45 +0000  copying file ./assets/node_modules/react-native-vector-icons/glyphmaps/FontAwesome5Free.json ... 
2020-11-06 03:04:45 +0000  30175 bytes for ./assets/node_modules/react-native-vector-icons/glyphmaps/FontAwesome5Free.json
copying file ./assets/node_modules/react-native-vector-icons/glyphmaps/Feather.json ... 
2020-11-06 03:04:45 +0000  5933 bytes for ./assets/node_modules/react-native-vector-icons/glyphmaps/Feather.json
2020-11-06 03:04:45 +0000  copying file ./assets/node_modules/react-native-vector-icons/glyphmaps/MaterialCommunityIcons.json ... 
2020-11-06 03:04:45 +0000  97065 bytes for ./assets/node_modules/react-native-vector-icons/glyphmaps/MaterialCommunityIcons.json
2020-11-06 03:04:45 +0000  copying file ./assets/node_modules/react-native-vector-icons/glyphmaps/Foundation.json ... 
2020-11-06 03:04:45 +0000  6417 bytes for ./assets/node_modules/react-native-vector-icons/glyphmaps/Foundation.json
copying file ./assets/node_modules/react-native-vector-icons/glyphmaps/Zocial.json ... 
2020-11-06 03:04:45 +0000  2013 bytes for ./assets/node_modules/react-native-vector-icons/glyphmaps/Zocial.json
2020-11-06 03:04:45 +0000  copying file ./assets/assets/check.png ... 
2020-11-06 03:04:45 +0000  443 bytes for ./assets/assets/check.png
2020-11-06 03:04:45 +0000  copying file ./assets/assets/comments32.png ... 
2020-11-06 03:04:45 +0000  540 bytes for ./assets/assets/comments32.png
copying file ./assets/assets/T&G_Tomatoes.jpg ... 
2020-11-06 03:04:45 +0000  1109030 bytes for ./assets/assets/T&G_Tomatoes.jpg
2020-11-06 03:04:45 +0000  copying file ./assets/assets/background2.png ... 
2909 bytes for ./assets/assets/background2.png
copying file ./assets/assets/icon1.png ... 
2020-11-06 03:04:45 +0000  3072 bytes for ./assets/assets/icon1.png
2020-11-06 03:04:45 +0000  copying file ./assets/assets/22.png ... 
2020-11-06 03:04:45 +0000  796 bytes for ./assets/assets/22.png
copying file ./assets/assets/delete.jpg ... 
2020-11-06 03:04:45 +0000  2929 bytes for ./assets/assets/delete.jpg
2020-11-06 03:04:45 +0000  copying file ./AppIcon20x20@2x~ipad.png ... 
2020-11-06 03:04:45 +0000  1240 bytes for ./AppIcon20x20@2x~ipad.png
2020-11-06 03:04:45 +0000  copying file ./Info.plist ... 
2020-11-06 03:04:45 +0000  2009 bytes for ./Info.plist
2020-11-06 03:04:45 +0000  copying file ./PkgInfo ... 
2020-11-06 03:04:45 +0000  8 bytes for ./PkgInfo
copying file ./MaterialIcons.ttf ... 
2020-11-06 03:04:45 +0000  128180 bytes for ./MaterialIcons.ttf
2020-11-06 03:04:45 +0000  copying file ./AppIcon76x76~ipad.png ... 
2020-11-06 03:04:45 +0000  2824 bytes for ./AppIcon76x76~ipad.png
2020-11-06 03:04:45 +0000  /usr/bin/ditto exited with 0
2020-11-06 03:04:45 +0000  Processing step: IDEDistributionEmbedProfileStep
2020-11-06 03:04:45 +0000  Processing step: IDEDistributionInfoPlistStep
2020-11-06 03:04:45 +0000  Skipping step: IDEDistributionInfoPlistStep because it said so
2020-11-06 03:04:45 +0000  Processing step: IDEDistributionItemRemovalStep
2020-11-06 03:04:45 +0000  Processing step: IDEDistributionAppThinningPlistStep
2020-11-06 03:04:45 +0000  Skipping step: IDEDistributionAppThinningPlistStep because it said so
2020-11-06 03:04:45 +0000  Processing step: IDEDistributionCompileBitcodeStep
2020-11-06 03:04:45 +0000  Skipping step: IDEDistributionCompileBitcodeStep because it said so
2020-11-06 03:04:45 +0000  Processing step: IDEDistributionCodeSlimmingStep
2020-11-06 03:04:45 +0000  Running /Applications/Xcode.app/Contents/Developer/Toolchains/XcodeDefault.xctoolchain/usr/bin/bitcode_strip '/var/folders/5r/7y48htwn5s796fpyklfkwz4m0000gn/T/XcodeDistPipeline.~~~mGIZuT/Root/Payload/rego.app/rego' '-l' '-o' '/var/folders/5r/7y48htwn5s796fpyklfkwz4m0000gn/T/XcodeDistPipeline.~~~mGIZuT/Root/Payload/rego.app/rego'
2020-11-06 03:04:45 +0000  /Applications/Xcode.app/Contents/Developer/Toolchains/XcodeDefault.xctoolchain/usr/bin/bitcode_strip exited with 0
2020-11-06 03:04:45 +0000  Processing step: IDEDistributionCopyBCSymbolMapsStep
2020-11-06 03:04:45 +0000  Running /usr/bin/ditto '-V' '/Users/nidhimodi/Library/Developer/Xcode/Archives/2020-11-06/rego 6-11-20, 4.04 PM.xcarchive/BCSymbolMaps/4275189D-9A00-3D2F-93E0-A54D570AD03A.bcsymbolmap' '/var/folders/5r/7y48htwn5s796fpyklfkwz4m0000gn/T/XcodeDistPipeline.~~~mGIZuT/Root/BCSymbolMaps/4275189D-9A00-3D2F-93E0-A54D570AD03A.bcsymbolmap'
2020-11-06 03:04:45 +0000  >>> Copying /Users/nidhimodi/Library/Developer/Xcode/Archives/2020-11-06/rego 6-11-20, 4.04 PM.xcarchive/BCSymbolMaps/4275189D-9A00-3D2F-93E0-A54D570AD03A.bcsymbolmap 
2020-11-06 03:04:45 +0000  copying file ./4275189D-9A00-3D2F-93E0-A54D570AD03A.bcsymbolmap ... 
2020-11-06 03:04:45 +0000  1916324 bytes for ./4275189D-9A00-3D2F-93E0-A54D570AD03A.bcsymbolmap
2020-11-06 03:04:45 +0000  /usr/bin/ditto exited with 0
2020-11-06 03:04:45 +0000  Running /usr/bin/ditto '-V' '/Users/nidhimodi/Library/Developer/Xcode/Archives/2020-11-06/rego 6-11-20, 4.04 PM.xcarchive/BCSymbolMaps/9B0169D4-18B5-306E-A70B-0161A761B2EF.bcsymbolmap' '/var/folders/5r/7y48htwn5s796fpyklfkwz4m0000gn/T/XcodeDistPipeline.~~~mGIZuT/Root/BCSymbolMaps/9B0169D4-18B5-306E-A70B-0161A761B2EF.bcsymbolmap'
2020-11-06 03:04:45 +0000  >>> Copying /Users/nidhimodi/Library/Developer/Xcode/Archives/2020-11-06/rego 6-11-20, 4.04 PM.xcarchive/BCSymbolMaps/9B0169D4-18B5-306E-A70B-0161A761B2EF.bcsymbolmap 
2020-11-06 03:04:45 +0000  copying file ./9B0169D4-18B5-306E-A70B-0161A761B2EF.bcsymbolmap ... 
2020-11-06 03:04:45 +0000  1946908 bytes for ./9B0169D4-18B5-306E-A70B-0161A761B2EF.bcsymbolmap
2020-11-06 03:04:45 +0000  /usr/bin/ditto exited with 0
2020-11-06 03:04:45 +0000  Processing step: IDEDistributionSymbolsStep
2020-11-06 03:04:45 +0000  Excluding symbols for rego.app
2020-11-06 03:04:45 +0000  Processing step: IDEDistributionCopyAppleProvidedContentStep
2020-11-06 03:04:45 +0000  Processing step: IDEDistributionAppThinningStep
2020-11-06 03:04:45 +0000  Skipping step: IDEDistributionAppThinningStep because it said so
2020-11-06 03:04:45 +0000  Processing step: IDEDistributionArchThinningStep
2020-11-06 03:04:45 +0000  Running /Applications/Xcode.app/Contents/Developer/Toolchains/XcodeDefault.xctoolchain/usr/bin/lipo '/var/folders/5r/7y48htwn5s796fpyklfkwz4m0000gn/T/XcodeDistPipeline.~~~mGIZuT/Root/Payload/rego.app/rego' '-verify_arch' 'arm64e'
2020-11-06 03:04:45 +0000  /Applications/Xcode.app/Contents/Developer/Toolchains/XcodeDefault.xctoolchain/usr/bin/lipo exited with 1
2020-11-06 03:04:45 +0000  Skipping architecture thinning for item "rego" because arch "arm64e" wasn't found
2020-11-06 03:04:45 +0000  Processing step: IDEDistributionODRStep
2020-11-06 03:04:45 +0000  Processing step: IDEDistributionStripXattrsStep
2020-11-06 03:04:45 +0000  Running /usr/bin/xattr '-crs' '/var/folders/5r/7y48htwn5s796fpyklfkwz4m0000gn/T/XcodeDistPipeline.~~~mGIZuT/Root/Payload/rego.app'
2020-11-06 03:04:46 +0000  /usr/bin/xattr exited with 0
2020-11-06 03:04:46 +0000  Processing step: IDEDistributionCodesignStep
2020-11-06 03:04:46 +0000  Entitlements for <IDEDistributionItem: 0x7f9a64866080; bundleID='org.react.native.example.rego', path='<DVTFilePath:0x7f9a5c236be0:'/Users/nidhimodi/Library/Developer/Xcode/Archives/2020-11-06/rego 6-11-20, 4.04 PM.xcarchive/Products/Applications/rego.app'>', codeSigningInfo='<_DVTCodeSigningInformation_Path: 0x7f9a64887680; isSigned='1', isAdHocSigned='0', signingCertificate='<DVTSigningCertificate: 0x7f9a52918e40; name='Apple Development: nidhi.modi@tandg.global (GR79WACY9P)', hash='041464FD2BF043002DCFEF62C565493478BE8E2E', serialNumber='<DVTSigningCertificateSerialNumber: 0x7f9a5b7337c0>', certificateKinds='(
    "1.2.840.113635.100.6.1.12",
    "1.2.840.113635.100.6.1.2"
), issueDate='2020-07-02 04:31:02 +0000''>', entitlements='{
    "application-identifier" = "4Q6XJ675Q5.org.react.native.example.rego";
    "com.apple.developer.team-identifier" = 4Q6XJ675Q5;
    "get-task-allow" = 1;
    "keychain-access-groups" =     (
        "4Q6XJ675Q5.org.react.native.example.rego"
    );
}', teamID='4Q6XJ675Q5', identifier='org.react.native.example.rego', executablePath='<DVTFilePath:0x7f9a4ad24950:'/Users/nidhimodi/Library/Developer/Xcode/Archives/2020-11-06/rego 6-11-20, 4.04 PM.xcarchive/Products/Applications/rego.app/rego'>', hardenedRuntime='0'>'>: {
    "application-identifier" = "4Q6XJ675Q5.org.react.native.example.rego";
    "beta-reports-active" = 1;
    "com.apple.developer.team-identifier" = 4Q6XJ675Q5;
    "get-task-allow" = 0;
    "keychain-access-groups" =     (
        "4Q6XJ675Q5.org.react.native.example.rego"
    );
}
2020-11-06 03:04:46 +0000  Writing entitlements for <IDEDistributionItem: 0x7f9a64866080; bundleID='org.react.native.example.rego', path='<DVTFilePath:0x7f9a5c236be0:'/Users/nidhimodi/Library/Developer/Xcode/Archives/2020-11-06/rego 6-11-20, 4.04 PM.xcarchive/Products/Applications/rego.app'>', codeSigningInfo='<_DVTCodeSigningInformation_Path: 0x7f9a64887680; isSigned='1', isAdHocSigned='0', signingCertificate='<DVTSigningCertificate: 0x7f9a52911c90; name='Apple Development: nidhi.modi@tandg.global (GR79WACY9P)', hash='041464FD2BF043002DCFEF62C565493478BE8E2E', serialNumber='<DVTSigningCertificateSerialNumber: 0x7f9a6ca574a0>', certificateKinds='(
    "1.2.840.113635.100.6.1.12",
    "1.2.840.113635.100.6.1.2"
), issueDate='2020-07-02 04:31:02 +0000''>', entitlements='{
    "application-identifier" = "4Q6XJ675Q5.org.react.native.example.rego";
    "com.apple.developer.team-identifier" = 4Q6XJ675Q5;
    "get-task-allow" = 1;
    "keychain-access-groups" =     (
        "4Q6XJ675Q5.org.react.native.example.rego"
    );
}', teamID='4Q6XJ675Q5', identifier='org.react.native.example.rego', executablePath='<DVTFilePath:0x7f9a4ad24950:'/Users/nidhimodi/Library/Developer/Xcode/Archives/2020-11-06/rego 6-11-20, 4.04 PM.xcarchive/Products/Applications/rego.app/rego'>', hardenedRuntime='0'>'> to: /var/folders/5r/7y48htwn5s796fpyklfkwz4m0000gn/T/XcodeDistPipeline.~~~mGIZuT/entitlements~~~MKomWR
2020-11-06 03:04:46 +0000  Running /usr/bin/codesign '-vvv' '--force' '--sign' 'E0FFB9A107D50CD60D9A246FC2CBCCE733A3D2D3' '--entitlements' '/var/folders/5r/7y48htwn5s796fpyklfkwz4m0000gn/T/XcodeDistPipeline.~~~mGIZuT/entitlements~~~MKomWR' '--preserve-metadata=identifier,flags,runtime' '/var/folders/5r/7y48htwn5s796fpyklfkwz4m0000gn/T/XcodeDistPipeline.~~~mGIZuT/Root/Payload/rego.app'
2020-11-06 03:04:51 +0000  /var/folders/5r/7y48htwn5s796fpyklfkwz4m0000gn/T/XcodeDistPipeline.~~~mGIZuT/Root/Payload/rego.app: signed app bundle with Mach-O universal (armv7 arm64) [org.react.native.example.rego]
2020-11-06 03:04:51 +0000  /usr/bin/codesign exited with 0
2020-11-06 03:04:51 +0000  Processing step: IDEDistributionZipODRItemStep
2020-11-06 03:04:51 +0000  Skipping step: IDEDistributionZipODRItemStep because it said so
2020-11-06 03:04:51 +0000  Processing step: IDEDistributionCreateIPAStep
2020-11-06 03:04:51 +0000  Running /usr/bin/ditto '-V' '-c' '-k' '--norsrc' '/var/folders/5r/7y48htwn5s796fpyklfkwz4m0000gn/T/XcodeDistPipeline.~~~mGIZuT/Root' '/var/folders/5r/7y48htwn5s796fpyklfkwz4m0000gn/T/XcodeDistPipeline.~~~mGIZuT/Packages/rego.ipa'
2020-11-06 03:04:51 +0000  >>> Copying /var/folders/5r/7y48htwn5s796fpyklfkwz4m0000gn/T/XcodeDistPipeline.~~~mGIZuT/Root 
2020-11-06 03:04:51 +0000  copying file ./BCSymbolMaps/4275189D-9A00-3D2F-93E0-A54D570AD03A.bcsymbolmap ... 
2020-11-06 03:04:51 +0000  1916324 bytes for ./BCSymbolMaps/4275189D-9A00-3D2F-93E0-A54D570AD03A.bcsymbolmap
copying file ./BCSymbolMaps/9B0169D4-18B5-306E-A70B-0161A761B2EF.bcsymbolmap ... 
2020-11-06 03:04:51 +0000  1946908 bytes for ./BCSymbolMaps/9B0169D4-18B5-306E-A70B-0161A761B2EF.bcsymbolmap
2020-11-06 03:04:52 +0000  copying file ./Payload/rego.app/_CodeSignature/CodeResources ... 
2020-11-06 03:04:52 +0000  27693 bytes for ./Payload/rego.app/_CodeSignature/CodeResources
copying file ./Payload/rego.app/Fontisto.ttf ... 
2020-11-06 03:04:52 +0000  313528 bytes for ./Payload/rego.app/Fontisto.ttf
copying file ./Payload/rego.app/Octicons.ttf ... 
2020-11-06 03:04:52 +0000  28364 bytes for ./Payload/rego.app/Octicons.ttf
copying file ./Payload/rego.app/Feather.ttf ... 
2020-11-06 03:04:52 +0000  58272 bytes for ./Payload/rego.app/Feather.ttf
copying file ./Payload/rego.app/AppIcon20x20@2x.png ... 
2020-11-06 03:04:52 +0000  1240 bytes for ./Payload/rego.app/AppIcon20x20@2x.png
copying file ./Payload/rego.app/AppIcon57x57.png ... 
2020-11-06 03:04:52 +0000  1804 bytes for ./Payload/rego.app/AppIcon57x57.png
copying file ./Payload/rego.app/Entypo.ttf ... 
2020-11-06 03:04:52 +0000  65584 bytes for ./Payload/rego.app/Entypo.ttf
copying file ./Payload/rego.app/AppIcon20x20@3x.png ... 
2020-11-06 03:04:52 +0000  1925 bytes for ./Payload/rego.app/AppIcon20x20@3x.png
copying file ./Payload/rego.app/FontAwesome5_Brands.ttf ... 
2020-11-06 03:04:52 +0000  125016 bytes for ./Payload/rego.app/FontAwesome5_Brands.ttf
copying file ./Payload/rego.app/AppIcon29x29.png ... 
2020-11-06 03:04:52 +0000  890 bytes for ./Payload/rego.app/AppIcon29x29.png
copying file ./Payload/rego.app/MaterialCommunityIcons.ttf ... 
2020-11-06 03:04:52 +0000  546548 bytes for ./Payload/rego.app/MaterialCommunityIcons.ttf
copying file ./Payload/rego.app/AppIcon60x60@2x.png ... 
2020-11-06 03:04:52 +0000  5644 bytes for ./Payload/rego.app/AppIcon60x60@2x.png
copying file ./Payload/rego.app/AppIcon72x72@2x~ipad.png ... 
2020-11-06 03:04:52 +0000  7828 bytes for ./Payload/rego.app/AppIcon72x72@2x~ipad.png
copying file ./Payload/rego.app/AppIcon29x29@2x.png ... 
2020-11-06 03:04:52 +0000  1899 bytes for ./Payload/rego.app/AppIcon29x29@2x.png
copying file ./Payload/rego.app/AntDesign.ttf ... 
2020-11-06 03:04:52 +0000  70344 bytes for ./Payload/rego.app/AntDesign.ttf
copying file ./Payload/rego.app/rego ... 
2020-11-06 03:04:53 +0000  57431936 bytes for ./Payload/rego.app/rego
copying file ./Payload/rego.app/AppIcon40x40@3x.png ... 
2020-11-06 03:04:53 +0000  5644 bytes for ./Payload/rego.app/AppIcon40x40@3x.png
copying file ./Payload/rego.app/AppIcon57x57@2x.png ... 
2020-11-06 03:04:53 +0000  5248 bytes for ./Payload/rego.app/AppIcon57x57@2x.png
copying file ./Payload/rego.app/Foundation.ttf ... 
2020-11-06 03:04:53 +0000  56976 bytes for ./Payload/rego.app/Foundation.ttf
copying file ./Payload/rego.app/AppIcon29x29~ipad.png ... 
2020-11-06 03:04:53 +0000  890 bytes for ./Payload/rego.app/AppIcon29x29~ipad.png
copying file ./Payload/rego.app/Ionicons.ttf ... 
2020-11-06 03:04:53 +0000  112472 bytes for ./Payload/rego.app/Ionicons.ttf
2020-11-06 03:04:53 +0000  copying file ./Payload/rego.app/FontAwesome5_Solid.ttf ... 
2020-11-06 03:04:53 +0000  186228 bytes for ./Payload/rego.app/FontAwesome5_Solid.ttf
copying file ./Payload/rego.app/AppIcon40x40@2x.png ... 
2020-11-06 03:04:53 +0000  3102 bytes for ./Payload/rego.app/AppIcon40x40@2x.png
copying file ./Payload/rego.app/FontAwesome5_Regular.ttf ... 
2020-11-06 03:04:53 +0000  34092 bytes for ./Payload/rego.app/FontAwesome5_Regular.ttf
copying file ./Payload/rego.app/AppIcon29x29@3x.png ... 
2020-11-06 03:04:53 +0000  3571 bytes for ./Payload/rego.app/AppIcon29x29@3x.png
copying file ./Payload/rego.app/AppIcon60x60@3x.png ... 
2020-11-06 03:04:53 +0000  11218 bytes for ./Payload/rego.app/AppIcon60x60@3x.png
2020-11-06 03:04:53 +0000  copying file ./Payload/rego.app/Base.lproj/LaunchScreen.nib ... 
2020-11-06 03:04:53 +0000  3161 bytes for ./Payload/rego.app/Base.lproj/LaunchScreen.nib
copying file ./Payload/rego.app/FontAwesome.ttf ... 
2020-11-06 03:04:53 +0000  165548 bytes for ./Payload/rego.app/FontAwesome.ttf
copying file ./Payload/rego.app/Zocial.ttf ... 
2020-11-06 03:04:53 +0000  25552 bytes for ./Payload/rego.app/Zocial.ttf
copying file ./Payload/rego.app/Assets.car ... 
2020-11-06 03:04:53 +0000  373384 bytes for ./Payload/rego.app/Assets.car
copying file ./Payload/rego.app/AppIcon40x40@2x~ipad.png ... 
2020-11-06 03:04:53 +0000  3102 bytes for ./Payload/rego.app/AppIcon40x40@2x~ipad.png
copying file ./Payload/rego.app/EvilIcons.ttf ... 
2020-11-06 03:04:53 +0000  13456 bytes for ./Payload/rego.app/EvilIcons.ttf
copying file ./Payload/rego.app/AppIcon76x76@2x~ipad.png ... 
2020-11-06 03:04:53 +0000  8286 bytes for ./Payload/rego.app/AppIcon76x76@2x~ipad.png
copying file ./Payload/rego.app/AppIcon72x72~ipad.png ... 
2020-11-06 03:04:53 +0000  2744 bytes for ./Payload/rego.app/AppIcon72x72~ipad.png
copying file ./Payload/rego.app/main.jsbundle ... 
2020-11-06 03:04:53 +0000  9869158 bytes for ./Payload/rego.app/main.jsbundle
copying file ./Payload/rego.app/AppIcon83.5x83.5@2x~ipad.png ... 
2020-11-06 03:04:53 +0000  9681 bytes for ./Payload/rego.app/AppIcon83.5x83.5@2x~ipad.png
copying file ./Payload/rego.app/AppIcon50x50~ipad.png ... 
1580 bytes for ./Payload/rego.app/AppIcon50x50~ipad.png
copying file ./Payload/rego.app/AppIcon29x29@2x~ipad.png ... 
1899 bytes for ./Payload/rego.app/AppIcon29x29@2x~ipad.png
copying file ./Payload/rego.app/AppIcon50x50@2x~ipad.png ... 
2020-11-06 03:04:53 +0000  4351 bytes for ./Payload/rego.app/AppIcon50x50@2x~ipad.png
copying file ./Payload/rego.app/AppIcon40x40~ipad.png ... 
2020-11-06 03:04:53 +0000  1240 bytes for ./Payload/rego.app/AppIcon40x40~ipad.png
copying file ./Payload/rego.app/AppIcon20x20~ipad.png ... 
654 bytes for ./Payload/rego.app/AppIcon20x20~ipad.png
copying file ./Payload/rego.app/SimpleLineIcons.ttf ... 
2020-11-06 03:04:53 +0000  54056 bytes for ./Payload/rego.app/SimpleLineIcons.ttf
copying file ./Payload/rego.app/embedded.mobileprovision ... 
2020-11-06 03:04:53 +0000  7405 bytes for ./Payload/rego.app/embedded.mobileprovision
2020-11-06 03:04:53 +0000  copying file ./Payload/rego.app/assets/app.json ... 
45 bytes for ./Payload/rego.app/assets/app.json
2020-11-06 03:04:53 +0000  copying file ./Payload/rego.app/assets/node_modules/react-native-ratings/src/images/bell.png ... 
2020-11-06 03:04:53 +0000  2989 bytes for ./Payload/rego.app/assets/node_modules/react-native-ratings/src/images/bell.png
copying file ./Payload/rego.app/assets/node_modules/react-native-ratings/src/images/airbnb-star-selected.png ... 
2020-11-06 03:04:53 +0000  934 bytes for ./Payload/rego.app/assets/node_modules/react-native-ratings/src/images/airbnb-star-selected.png
copying file ./Payload/rego.app/assets/node_modules/react-native-ratings/src/images/heart.png ... 
2020-11-06 03:04:53 +0000  1928 bytes for ./Payload/rego.app/assets/node_modules/react-native-ratings/src/images/heart.png
copying file ./Payload/rego.app/assets/node_modules/react-native-ratings/src/images/airbnb-star.png ... 
2020-11-06 03:04:53 +0000  930 bytes for ./Payload/rego.app/assets/node_modules/react-native-ratings/src/images/airbnb-star.png
copying file ./Payload/rego.app/assets/node_modules/react-native-ratings/src/images/rocket.png ... 
2020-11-06 03:04:53 +0000  4050 bytes for ./Payload/rego.app/assets/node_modules/react-native-ratings/src/images/rocket.png
copying file ./Payload/rego.app/assets/node_modules/react-native-ratings/src/images/star.png ... 
2020-11-06 03:04:53 +0000  1961 bytes for ./Payload/rego.app/assets/node_modules/react-native-ratings/src/images/star.png
2020-11-06 03:04:53 +0000  copying file ./Payload/rego.app/assets/node_modules/react-native/package.json ... 
2020-11-06 03:04:53 +0000  6501 bytes for ./Payload/rego.app/assets/node_modules/react-native/package.json
2020-11-06 03:04:53 +0000  copying file ./Payload/rego.app/assets/node_modules/@react-navigation/stack/src/views/assets/back-icon@3x.png ... 
2020-11-06 03:04:53 +0000  761 bytes for ./Payload/rego.app/assets/node_modules/@react-navigation/stack/src/views/assets/back-icon@3x.png
copying file ./Payload/rego.app/assets/node_modules/@react-navigation/stack/src/views/assets/back-icon@2x.png ... 
2020-11-06 03:04:53 +0000  405 bytes for ./Payload/rego.app/assets/node_modules/@react-navigation/stack/src/views/assets/back-icon@2x.png
copying file ./Payload/rego.app/assets/node_modules/@react-navigation/stack/src/views/assets/back-icon.png ... 
290 bytes for ./Payload/rego.app/assets/node_modules/@react-navigation/stack/src/views/assets/back-icon.png
copying file ./Payload/rego.app/assets/node_modules/@react-navigation/stack/src/views/assets/back-icon-mask.png ... 
2020-11-06 03:04:53 +0000  913 bytes for ./Payload/rego.app/assets/node_modules/@react-navigation/stack/src/views/assets/back-icon-mask.png
2020-11-06 03:04:53 +0000  copying file ./Payload/rego.app/assets/node_modules/react-native-vector-icons/glyphmaps/Ionicons.json ... 
2020-11-06 03:04:53 +0000  17166 bytes for ./Payload/rego.app/assets/node_modules/react-native-vector-icons/glyphmaps/Ionicons.json
copying file ./Payload/rego.app/assets/node_modules/react-native-vector-icons/glyphmaps/Fontisto.json ... 
2020-11-06 03:04:53 +0000  13107 bytes for ./Payload/rego.app/assets/node_modules/react-native-vector-icons/glyphmaps/Fontisto.json
copying file ./Payload/rego.app/assets/node_modules/react-native-vector-icons/glyphmaps/EvilIcons.json ... 
2020-11-06 03:04:53 +0000  1454 bytes for ./Payload/rego.app/assets/node_modules/react-native-vector-icons/glyphmaps/EvilIcons.json
copying file ./Payload/rego.app/assets/node_modules/react-native-vector-icons/glyphmaps/Octicons.json ... 
2020-11-06 03:04:53 +0000  3992 bytes for ./Payload/rego.app/assets/node_modules/react-native-vector-icons/glyphmaps/Octicons.json
copying file ./Payload/rego.app/assets/node_modules/react-native-vector-icons/glyphmaps/FontAwesome5Free_meta.json ... 
2020-11-06 03:04:53 +0000  26240 bytes for ./Payload/rego.app/assets/node_modules/react-native-vector-icons/glyphmaps/FontAwesome5Free_meta.json
copying file ./Payload/rego.app/assets/node_modules/react-native-vector-icons/glyphmaps/FontAwesome.json ... 
2020-11-06 03:04:53 +0000  17437 bytes for ./Payload/rego.app/assets/node_modules/react-native-vector-icons/glyphmaps/FontAwesome.json
copying file ./Payload/rego.app/assets/node_modules/react-native-vector-icons/glyphmaps/MaterialIcons.json ... 
2020-11-06 03:04:53 +0000  22815 bytes for ./Payload/rego.app/assets/node_modules/react-native-vector-icons/glyphmaps/MaterialIcons.json
copying file ./Payload/rego.app/assets/node_modules/react-native-vector-icons/glyphmaps/Entypo.json ... 
2020-11-06 03:04:53 +0000  9486 bytes for ./Payload/rego.app/assets/node_modules/react-native-vector-icons/glyphmaps/Entypo.json
copying file ./Payload/rego.app/assets/node_modules/react-native-vector-icons/glyphmaps/SimpleLineIcons.json ... 
2020-11-06 03:04:53 +0000  4102 bytes for ./Payload/rego.app/assets/node_modules/react-native-vector-icons/glyphmaps/SimpleLineIcons.json
2020-11-06 03:04:53 +0000  copying file ./Payload/rego.app/assets/node_modules/react-native-vector-icons/glyphmaps/AntDesign.json ... 
2020-11-06 03:04:53 +0000  6303 bytes for ./Payload/rego.app/assets/node_modules/react-native-vector-icons/glyphmaps/AntDesign.json
copying file ./Payload/rego.app/assets/node_modules/react-native-vector-icons/glyphmaps/FontAwesome5Free.json ... 
2020-11-06 03:04:53 +0000  30175 bytes for ./Payload/rego.app/assets/node_modules/react-native-vector-icons/glyphmaps/FontAwesome5Free.json
copying file ./Payload/rego.app/assets/node_modules/react-native-vector-icons/glyphmaps/Feather.json ... 
2020-11-06 03:04:53 +0000  5933 bytes for ./Payload/rego.app/assets/node_modules/react-native-vector-icons/glyphmaps/Feather.json
copying file ./Payload/rego.app/assets/node_modules/react-native-vector-icons/glyphmaps/MaterialCommunityIcons.json ... 
2020-11-06 03:04:53 +0000  97065 bytes for ./Payload/rego.app/assets/node_modules/react-native-vector-icons/glyphmaps/MaterialCommunityIcons.json
copying file ./Payload/rego.app/assets/node_modules/react-native-vector-icons/glyphmaps/Foundation.json ... 
2020-11-06 03:04:53 +0000  6417 bytes for ./Payload/rego.app/assets/node_modules/react-native-vector-icons/glyphmaps/Foundation.json
copying file ./Payload/rego.app/assets/node_modules/react-native-vector-icons/glyphmaps/Zocial.json ... 
2020-11-06 03:04:53 +0000  2013 bytes for ./Payload/rego.app/assets/node_modules/react-native-vector-icons/glyphmaps/Zocial.json
copying file ./Payload/rego.app/assets/assets/check.png ... 
2020-11-06 03:04:53 +0000  443 bytes for ./Payload/rego.app/assets/assets/check.png
copying file ./Payload/rego.app/assets/assets/comments32.png ... 
540 bytes for ./Payload/rego.app/assets/assets/comments32.png
2020-11-06 03:04:53 +0000  copying file ./Payload/rego.app/assets/assets/T&G_Tomatoes.jpg ... 
2020-11-06 03:04:53 +0000  1109030 bytes for ./Payload/rego.app/assets/assets/T&G_Tomatoes.jpg
copying file ./Payload/rego.app/assets/assets/background2.png ... 
2020-11-06 03:04:53 +0000  2909 bytes for ./Payload/rego.app/assets/assets/background2.png
copying file ./Payload/rego.app/assets/assets/icon1.png ... 
2020-11-06 03:04:53 +0000  3072 bytes for ./Payload/rego.app/assets/assets/icon1.png
copying file ./Payload/rego.app/assets/assets/22.png ... 
796 bytes for ./Payload/rego.app/assets/assets/22.png
copying file ./Payload/rego.app/assets/assets/delete.jpg ... 
2020-11-06 03:04:53 +0000  2929 bytes for ./Payload/rego.app/assets/assets/delete.jpg
copying file ./Payload/rego.app/AppIcon20x20@2x~ipad.png ... 
2020-11-06 03:04:53 +0000  1240 bytes for ./Payload/rego.app/AppIcon20x20@2x~ipad.png
copying file ./Payload/rego.app/Info.plist ... 
2009 bytes for ./Payload/rego.app/Info.plist
2020-11-06 03:04:53 +0000  copying file ./Payload/rego.app/PkgInfo ... 
8 bytes for ./Payload/rego.app/PkgInfo
copying file ./Payload/rego.app/MaterialIcons.ttf ... 
2020-11-06 03:04:53 +0000  128180 bytes for ./Payload/rego.app/MaterialIcons.ttf
copying file ./Payload/rego.app/AppIcon76x76~ipad.png ... 
2020-11-06 03:04:53 +0000  2824 bytes for ./Payload/rego.app/AppIcon76x76~ipad.png
2020-11-06 03:04:53 +0000  /usr/bin/ditto exited with 0
2020-11-06 03:04:53 +0000  Processing step: IDEDistributionAppStoreInformationStep
2020-11-06 03:04:53 +0000  Skipping step: IDEDistributionAppStoreInformationStep because it said so
2020-11-06 03:04:53 +0000  Processing step: IDEDistributionGenerateProcessedDistributionItems
2020-11-06 03:04:53 +0000  IDEDistributionItem init <DVTFilePath:0x7f9a72d0b690:'/var/folders/5r/7y48htwn5s796fpyklfkwz4m0000gn/T/XcodeDistPipeline.~~~mGIZuT/Root/Payload/rego.app'>
2020-11-06 03:04:53 +0000  Processing step: IDEDistributionCreateManifestStep
2020-11-06 03:04:53 +0000  Skipping step: IDEDistributionCreateManifestStep because it said so
